<?xml version="1.0" encoding="UTF-8"?>
<robot generator="Robot 6.0.2 (Python 3.11.2 on win32)" generated="20230924 20:03:03.321" rpa="false" schemaversion="3">
<suite id="s1" name="testDemo1" source="c:\Users\prash\Downloads\RobotFramework (1)\RobotFramework\tests\testDemo1.robot">
<test id="s1-t1" name="Validate UnSuccesful Login" line="12">
<kw name="open the browser with the Mortgage payment url">
<kw name="Create Webdriver" library="SeleniumLibrary">
<arg>Chrome</arg>
<arg>executable_path=/Users/rahulshetty/Documents/chromedriver</arg>
<doc>Creates an instance of Selenium WebDriver.</doc>
<msg timestamp="20230924 20:03:03.627" level="INFO">Creating an instance of the Chrome WebDriver.</msg>
<msg timestamp="20230924 20:03:06.180" level="WARN">Error getting version of chromedriver 116. Retrying with chromedriver 115 (attempt 1/5)</msg>
<msg timestamp="20230924 20:03:06.183" level="WARN">Error getting version of chromedriver 115. Retrying with chromedriver 114 (attempt 2/5)</msg>
<msg timestamp="20230924 20:03:12.054" level="INFO">Cannot capture screenshot because no browser is open.</msg>
<msg timestamp="20230924 20:03:12.055" level="FAIL">SessionNotCreatedException: Message: session not created: This version of ChromeDriver only supports Chrome version 114
Current browser version is 116.0.5845.188 with binary path C:\Program Files (x86)\Google\Chrome\Application\chrome.exe
Stacktrace:
Backtrace:
	GetHandleVerifier [0x00C6A813+48355]
	(No symbol) [0x00BFC4B1]
	(No symbol) [0x00B05358]
	(No symbol) [0x00B261AC]
	(No symbol) [0x00B21EF3]
	(No symbol) [0x00B20579]
	(No symbol) [0x00B50C55]
	(No symbol) [0x00B5093C]
	(No symbol) [0x00B4A536]
	(No symbol) [0x00B282DC]
	(No symbol) [0x00B293DD]
	GetHandleVerifier [0x00ECAABD+2539405]
	GetHandleVerifier [0x00F0A78F+2800735]
	GetHandleVerifier [0x00F0456C+2775612]
	GetHandleVerifier [0x00CF51E0+616112]
	(No symbol) [0x00C05F8C]
	(No symbol) [0x00C02328]
	(No symbol) [0x00C0240B]
	(No symbol) [0x00BF4FF7]
	BaseThreadInitThunk [0x7539FCC9+25]
	RtlGetAppContainerNamedObjectPath [0x773D7B1E+286]
	RtlGetAppContainerNamedObjectPath [0x773D7AEE+238]
</msg>
<status status="FAIL" starttime="20230924 20:03:03.626" endtime="20230924 20:03:12.122"/>
</kw>
<kw name="Go To" library="SeleniumLibrary">
<arg>https://rahulshettyacademy.com/loginpagePractise/</arg>
<doc>Navigates the current browser window to the provided ``url``.</doc>
<status status="NOT RUN" starttime="20230924 20:03:12.123" endtime="20230924 20:03:12.123"/>
</kw>
<status status="FAIL" starttime="20230924 20:03:03.626" endtime="20230924 20:03:12.124"/>
</kw>
<kw name="Fill the login Form">
<status status="NOT RUN" starttime="20230924 20:03:12.125" endtime="20230924 20:03:12.125"/>
</kw>
<kw name="wait until it checks and display error message">
<status status="NOT RUN" starttime="20230924 20:03:12.125" endtime="20230924 20:03:12.126"/>
</kw>
<kw name="verify error message is correct">
<status status="NOT RUN" starttime="20230924 20:03:12.126" endtime="20230924 20:03:12.126"/>
</kw>
<kw name="Close Browser" library="SeleniumLibrary" type="TEARDOWN">
<doc>Closes the current browser.</doc>
<status status="PASS" starttime="20230924 20:03:12.127" endtime="20230924 20:03:12.128"/>
</kw>
<status status="FAIL" starttime="20230924 20:03:03.624" endtime="20230924 20:03:12.129">SessionNotCreatedException: Message: session not created: This version of ChromeDriver only supports Chrome version 114
Current browser version is 116.0.5845.188 with binary path C:\Program Files (x86)\Google\Chrome\Application\chrome.exe
Stacktrace:
Backtrace:
	GetHandleVerifier [0x00C6A813+48355]
	(No symbol) [0x00BFC4B1]
	(No symbol) [0x00B05358]
	(No symbol) [0x00B261AC]
	(No symbol) [0x00B21EF3]
	(No symbol) [0x00B20579]
	(No symbol) [0x00B50C55]
	(No symbol) [0x00B5093C]
	(No symbol) [0x00B4A536]
	(No symbol) [0x00B282DC]
	(No symbol) [0x00B293DD]
	GetHandleVerifier [0x00ECAABD+2539405]
	GetHandleVerifier [0x00F0A78F+2800735]
	GetHandleVerifier [0x00F0456C+2775612]
	GetHandleVerifier [0x00CF51E0+616112]
	(No symbol) [0x00C05F8C]
	(No symbol) [0x00C02328]
	(No symbol) [0x00C0240B]
	(No symbol) [0x00BF4FF7]
	BaseThreadInitThunk [0x7539FCC9+25]
	RtlGetAppContainerNamedObjectPath [0x773D7B1E+286]
	RtlGetAppContainerNamedObjectPath [0x773D7AEE+238]
</status>
</test>
<doc>To validate the Login form</doc>
<status status="FAIL" starttime="20230924 20:03:03.341" endtime="20230924 20:03:12.134"/>
</suite>
<statistics>
<total>
<stat pass="0" fail="1" skip="0">All Tests</stat>
</total>
<tag>
</tag>
<suite>
<stat pass="0" fail="1" skip="0" id="s1" name="testDemo1">testDemo1</stat>
</suite>
</statistics>
<errors>
<msg timestamp="20230924 20:03:06.180" level="WARN">Error getting version of chromedriver 116. Retrying with chromedriver 115 (attempt 1/5)</msg>
<msg timestamp="20230924 20:03:06.183" level="WARN">Error getting version of chromedriver 115. Retrying with chromedriver 114 (attempt 2/5)</msg>
</errors>
</robot>
